1543841767965	mozrunner::runner	INFO	Running command: "C:\\Program Files\\Mozilla Firefox\\firefox.exe" "-marionette" "-foreground" "-no-remote" "-profile" "C:\\Users\\ematdin\\AppData\\Local\\Temp\\rust_mozprofile.ybmqRvQsGdoe"
1543841770008	Marionette	INFO	Listening on port 58012
1543841770136	Marionette	WARN	TLS certificate errors will be ignored for this session
console.error: BroadcastService: 
  receivedBroadcastMessage: handler for
  remote-settings/monitor_changes
  threw error:
  Message: Error: Polling for changes failed: NetworkError when attempting to fetch resource..
  Stack:
    remoteSettingsFunction/remoteSettings.pollChanges@resource://services-settings/remote-settings.js:721:13

: file z:/build/build/src[Child 286084, Chr/omei_ChildpThread] WARNING: pic/chromium/src/chrome/common/ipc_chanpnel_wien .ecrcr,o rl: i1n0e9:  file z:/build/build/src/ipc/chromium/src/chrome/common/ipc_channel_win.cc, line 3463
46
[[Child 283568[Parent 235456, Gecko_IOThread] WARNING: pipe error: 109: file z:/build/build/src/ipc/chromium/src/chrome/common/ipc_channel_win.cc, line 346
[Child 255848, Chrome_ChildThread] WARNING: pipe error: 109: file z:/build/build/src/ipc/chromium/src/chrome/common/ipc_channel_win.cc, line 346
[Child 255848,1543838755030	Marionette	INFO	Stopped listening on port 53128
[GPU 
###!!! [Child][RunMessage] Error: Channel closing: too late to send/recv, messages will be lost


###!!! [Child][MessageChannel::SendAndWait] Error: Channel error: cannot send/recv

v

end/recv

ommon/ipc_channel_win.cc, line 346
[Child 21543837448468	Marionette	INFO	Stopped listening on port 59789

###!!! [Child][RunMessage] Error: Channel closing: too late to send/recv, messages will be lost

[GPU 2788
###!!! [Child][MessageChannel::SendAndWait] Error: Channel error: cannot send/recv

ot send/recv

AndWait] Error: Channel error: cannot send/recv

